<?xml version="1.0" encoding="UTF-8"?>
<!-- Generated by org.testng.reporters.JUnitReportReporter -->
<testsuite skipped="0" hostname="GOWTHAM" name="com.loginpage_Tc.Venue_tc" tests="1" failures="0" timestamp="05 Jan 2021 15:29:57 GMT" time="22.746" errors="0">
  <testcase name="login1" time="22.746" classname="com.loginpage_Tc.Venue_tc"/>
</testsuite> <!-- com.loginpage_Tc.Venue_tc -->
